Base path: C:/Program Files (x86)/Unity/Editor/Data
Pipe name: \\.\pipe\UnityShaderCompiler-2-2820
Cmd: getPlatforms
Cmd: compileSnippet
  error: 2 plat 8 at (28): 'vert': function return value missing semantics
  api=8 type=0 insize=971 outsize=0 kw= ok=0
Cmd: compileSnippet
  error: 2 plat 8 at (36): 'frag': input parameter 'i' missing semantics
  api=8 type=1 insize=971 outsize=0 kw= ok=0
Cmd: compileSnippet
  api=1 type=0 insize=5366 outsize=403 kw=DIRECTIONAL LIGHTMAP_ON DIRLIGHTMAP_OFF ok=1
Cmd: compileSnippet
  api=1 type=0 insize=5366 outsize=655 kw=DIRECTIONAL LIGHTMAP_ON DIRLIGHTMAP_ON ok=1
Cmd: compileSnippet
  api=1 type=0 insize=5366 outsize=1341 kw=DIRECTIONAL LIGHTMAP_OFF DIRLIGHTMAP_OFF VERTEXLIGHT_ON ok=1
Cmd: compileSnippet
  api=0 type=1 insize=5366 outsize=718 kw=DIRECTIONAL LIGHTMAP_ON DIRLIGHTMAP_OFF ok=1
Cmd: compileSnippet
  api=1 type=1 insize=5366 outsize=536 kw=DIRECTIONAL LIGHTMAP_ON DIRLIGHTMAP_ON ok=1
Cmd: compileSnippet
  api=1 type=0 insize=2966 outsize=575 kw=SPOT ok=1
Cmd: compileSnippet
  api=0 type=0 insize=2966 outsize=960 kw=DIRECTIONAL_COOKIE ok=1
Cmd: compileSnippet
  api=0 type=1 insize=2966 outsize=1018 kw=POINT_COOKIE ok=1
Cmd: compileSnippet
  api=1 type=1 insize=2966 outsize=788 kw=POINT_COOKIE ok=1
Cmd: compileSnippet
  api=4 type=1 insize=2966 outsize=2322 kw=DIRECTIONAL_COOKIE ok=1
Unhandled exception: Readfile from pipe failed. GLE=The pipe has been ended.


Quitting shader compiler process
