Base path: C:/Program Files (x86)/Unity/Editor/Data
Pipe name: \\.\pipe\UnityShaderCompiler-4-7128
Cmd: getPlatforms
Cmd: compileSnippet
  api=4 type=0 insize=5366 outsize=2306 kw=DIRECTIONAL LIGHTMAP_ON DIRLIGHTMAP_OFF ok=1
Cmd: compileSnippet
  api=0 type=0 insize=5366 outsize=1797 kw=DIRECTIONAL LIGHTMAP_OFF DIRLIGHTMAP_OFF VERTEXLIGHT_ON ok=1
Cmd: compileSnippet
  api=1 type=1 insize=5366 outsize=536 kw=DIRECTIONAL LIGHTMAP_ON DIRLIGHTMAP_OFF ok=1
Cmd: compileSnippet
  api=4 type=1 insize=5366 outsize=1997 kw=DIRECTIONAL LIGHTMAP_ON DIRLIGHTMAP_ON ok=1
Cmd: compileSnippet
  api=0 type=0 insize=2966 outsize=853 kw=DIRECTIONAL ok=1
Cmd: compileSnippet
  api=0 type=0 insize=2966 outsize=1002 kw=POINT_COOKIE ok=1
Cmd: compileSnippet
  api=1 type=0 insize=2966 outsize=534 kw=DIRECTIONAL_COOKIE ok=1
Cmd: compileSnippet
  api=0 type=1 insize=2966 outsize=1144 kw=SPOT ok=1
Cmd: compileSnippet
  api=4 type=1 insize=2966 outsize=2663 kw=POINT_COOKIE ok=1
Unhandled exception: Readfile from pipe failed. GLE=The pipe has been ended.


Quitting shader compiler process
