Base path: C:/Program Files (x86)/Unity/Editor/Data
Pipe name: \\.\pipe\UnityShaderCompiler-1-8876
Cmd: getPlatforms
Cmd: preprocess
  insize=434 outsize=1180 ok=1
Cmd: compileSnippet
  api=1 type=0 insize=4279 outsize=595 kw=DIRECTIONAL SHADOWS_OFF LIGHTMAP_OFF DIRLIGHTMAP_OFF ok=1
Cmd: compileSnippet
  api=1 type=1 insize=4279 outsize=270 kw=DIRECTIONAL SHADOWS_OFF LIGHTMAP_OFF DIRLIGHTMAP_OFF ok=1
Cmd: compileSnippet
  api=1 type=0 insize=2255 outsize=383 kw=POINT ok=1
Cmd: compileSnippet
  api=1 type=1 insize=2255 outsize=399 kw=POINT ok=1
Cmd: compileSnippet
  api=1 type=0 insize=1783 outsize=190 kw= ok=1
Cmd: compileSnippet
  api=1 type=1 insize=1783 outsize=118 kw= ok=1
Cmd: compileSnippet
  api=1 type=0 insize=3996 outsize=639 kw=LIGHTMAP_OFF DIRLIGHTMAP_OFF HDR_LIGHT_PREPASS_OFF ok=1
Cmd: compileSnippet
  api=1 type=1 insize=3996 outsize=220 kw=LIGHTMAP_OFF DIRLIGHTMAP_OFF HDR_LIGHT_PREPASS_OFF ok=1
Cmd: preprocess
  insize=1608 outsize=2067 ok=1
Cmd: preprocess
  insize=2172 outsize=3092 ok=1
Cmd: compileSnippet
  api=1 type=0 insize=5619 outsize=1216 kw=DIRECTIONAL SHADOWS_OFF LIGHTMAP_OFF DIRLIGHTMAP_OFF ok=1
Cmd: compileSnippet
  api=1 type=1 insize=5619 outsize=785 kw=DIRECTIONAL SHADOWS_OFF LIGHTMAP_OFF DIRLIGHTMAP_OFF ok=1
Cmd: compileSnippet
  api=1 type=0 insize=2584 outsize=621 kw=POINT ok=1
Cmd: compileSnippet
  api=1 type=1 insize=2584 outsize=660 kw=POINT ok=1
Cmd: compileSnippet
  api=1 type=0 insize=2589 outsize=509 kw= ok=1
Cmd: compileSnippet
  api=1 type=1 insize=2589 outsize=425 kw= ok=1
Cmd: compileSnippet
  api=1 type=0 insize=5249 outsize=1198 kw=LIGHTMAP_OFF DIRLIGHTMAP_OFF HDR_LIGHT_PREPASS_OFF ok=1
Cmd: compileSnippet
  api=1 type=1 insize=5249 outsize=754 kw=LIGHTMAP_OFF DIRLIGHTMAP_OFF HDR_LIGHT_PREPASS_OFF ok=1
Cmd: compileSnippet
  api=1 type=0 insize=4976 outsize=668 kw=DIRECTIONAL SHADOWS_OFF LIGHTMAP_OFF DIRLIGHTMAP_OFF ok=1
Cmd: compileSnippet
  api=1 type=1 insize=4976 outsize=738 kw=DIRECTIONAL SHADOWS_OFF LIGHTMAP_OFF DIRLIGHTMAP_OFF ok=1
Cmd: compileSnippet
  api=1 type=0 insize=2536 outsize=405 kw=POINT ok=1
Cmd: compileSnippet
  api=1 type=1 insize=2536 outsize=824 kw=POINT ok=1
Cmd: compileSnippet
  api=1 type=0 insize=2048 outsize=235 kw= ok=1
Cmd: compileSnippet
  api=1 type=1 insize=2048 outsize=184 kw= ok=1
Cmd: compileSnippet
  api=1 type=0 insize=4381 outsize=639 kw=LIGHTMAP_OFF DIRLIGHTMAP_OFF HDR_LIGHT_PREPASS_OFF ok=1
Cmd: compileSnippet
  api=1 type=1 insize=4381 outsize=317 kw=LIGHTMAP_OFF DIRLIGHTMAP_OFF HDR_LIGHT_PREPASS_OFF ok=1
Cmd: compileSnippet
  api=1 type=0 insize=2584 outsize=463 kw=DIRECTIONAL ok=1
Cmd: compileSnippet
  api=1 type=1 insize=2584 outsize=507 kw=DIRECTIONAL ok=1
Cmd: compileSnippet
  api=1 type=0 insize=2536 outsize=326 kw=DIRECTIONAL ok=1
Cmd: compileSnippet
  api=1 type=1 insize=2536 outsize=705 kw=DIRECTIONAL ok=1
Cmd: preprocess
  insize=1608 outsize=2067 ok=1
Cmd: preprocess
  insize=1723 outsize=2053 ok=1
Cmd: compileSnippet
  api=1 type=0 insize=5273 outsize=853 kw=DIRECTIONAL SHADOWS_OFF LIGHTMAP_OFF DIRLIGHTMAP_OFF ok=1
Cmd: compileSnippet
  api=1 type=1 insize=5273 outsize=407 kw=DIRECTIONAL SHADOWS_OFF LIGHTMAP_OFF DIRLIGHTMAP_OFF ok=1
Cmd: compileSnippet
  api=1 type=0 insize=2976 outsize=383 kw=POINT ok=1
Cmd: compileSnippet
  api=1 type=1 insize=2976 outsize=538 kw=POINT ok=1
Cmd: compileSnippet
  api=1 type=0 insize=4976 outsize=668 kw=DIRECTIONAL SHADOWS_OFF LIGHTMAP_OFF DIRLIGHTMAP_OFF ok=1
Cmd: compileSnippet
  api=1 type=1 insize=4976 outsize=738 kw=DIRECTIONAL SHADOWS_OFF LIGHTMAP_OFF DIRLIGHTMAP_OFF ok=1
Cmd: compileSnippet
  api=1 type=0 insize=2535 outsize=405 kw=POINT ok=1
Cmd: compileSnippet
  api=1 type=1 insize=2535 outsize=824 kw=POINT ok=1
Cmd: compileSnippet
  api=1 type=0 insize=2047 outsize=235 kw= ok=1
Cmd: compileSnippet
  api=1 type=1 insize=2047 outsize=184 kw= ok=1
Cmd: compileSnippet
  api=1 type=0 insize=4380 outsize=639 kw=LIGHTMAP_OFF DIRLIGHTMAP_OFF HDR_LIGHT_PREPASS_OFF ok=1
Cmd: compileSnippet
  api=1 type=1 insize=4380 outsize=317 kw=LIGHTMAP_OFF DIRLIGHTMAP_OFF HDR_LIGHT_PREPASS_OFF ok=1
Cmd: preprocess
  insize=1554 outsize=2013 ok=1
Cmd: compileSnippet
  api=1 type=0 insize=4871 outsize=595 kw=DIRECTIONAL SHADOWS_OFF LIGHTMAP_OFF DIRLIGHTMAP_OFF ok=1
Cmd: compileSnippet
  api=1 type=1 insize=4871 outsize=345 kw=DIRECTIONAL SHADOWS_OFF LIGHTMAP_OFF DIRLIGHTMAP_OFF ok=1
Cmd: compileSnippet
  api=1 type=0 insize=2847 outsize=383 kw=POINT ok=1
Cmd: compileSnippet
  api=1 type=1 insize=2847 outsize=538 kw=POINT ok=1
Cmd: compileSnippet
  api=1 type=0 insize=4976 outsize=668 kw=DIRECTIONAL SHADOWS_OFF LIGHTMAP_OFF DIRLIGHTMAP_OFF ok=1
Cmd: compileSnippet
  api=1 type=1 insize=4976 outsize=738 kw=DIRECTIONAL SHADOWS_OFF LIGHTMAP_OFF DIRLIGHTMAP_OFF ok=1
Cmd: compileSnippet
  api=1 type=0 insize=2535 outsize=405 kw=POINT ok=1
Cmd: compileSnippet
  api=1 type=1 insize=2535 outsize=824 kw=POINT ok=1
Cmd: compileSnippet
  api=1 type=0 insize=2047 outsize=235 kw= ok=1
Cmd: compileSnippet
  api=1 type=1 insize=2047 outsize=184 kw= ok=1
Cmd: compileSnippet
  api=1 type=0 insize=4380 outsize=639 kw=LIGHTMAP_OFF DIRLIGHTMAP_OFF HDR_LIGHT_PREPASS_OFF ok=1
Cmd: compileSnippet
  api=1 type=1 insize=4380 outsize=317 kw=LIGHTMAP_OFF DIRLIGHTMAP_OFF HDR_LIGHT_PREPASS_OFF ok=1
Cmd: compileSnippet
  api=1 type=0 insize=2976 outsize=253 kw=DIRECTIONAL ok=1
Cmd: compileSnippet
  api=1 type=1 insize=2976 outsize=337 kw=DIRECTIONAL ok=1
Cmd: compileSnippet
  api=1 type=0 insize=2535 outsize=326 kw=DIRECTIONAL ok=1
Cmd: compileSnippet
  api=1 type=1 insize=2535 outsize=705 kw=DIRECTIONAL ok=1
Cmd: compileSnippet
  api=1 type=0 insize=5273 outsize=964 kw=DIRECTIONAL SHADOWS_SCREEN LIGHTMAP_OFF DIRLIGHTMAP_OFF ok=1
Cmd: compileSnippet
  api=1 type=1 insize=5273 outsize=466 kw=DIRECTIONAL SHADOWS_SCREEN LIGHTMAP_OFF DIRLIGHTMAP_OFF ok=1
Cmd: compileSnippet
  api=1 type=0 insize=4976 outsize=792 kw=DIRECTIONAL SHADOWS_SCREEN LIGHTMAP_OFF DIRLIGHTMAP_OFF ok=1
Cmd: compileSnippet
  api=1 type=1 insize=4976 outsize=812 kw=DIRECTIONAL SHADOWS_SCREEN LIGHTMAP_OFF DIRLIGHTMAP_OFF ok=1
Cmd: preprocess
  insize=1762 outsize=2092 ok=1
Cmd: compileSnippet
  api=1 type=0 insize=5273 outsize=853 kw=DIRECTIONAL SHADOWS_OFF LIGHTMAP_OFF DIRLIGHTMAP_OFF ok=1
Cmd: compileSnippet
  api=1 type=1 insize=5273 outsize=407 kw=DIRECTIONAL SHADOWS_OFF LIGHTMAP_OFF DIRLIGHTMAP_OFF ok=1
Cmd: compileSnippet
  api=1 type=0 insize=2976 outsize=383 kw=POINT ok=1
Cmd: compileSnippet
  api=1 type=1 insize=2976 outsize=538 kw=POINT ok=1
Cmd: compileSnippet
  api=1 type=0 insize=4976 outsize=668 kw=DIRECTIONAL SHADOWS_OFF LIGHTMAP_OFF DIRLIGHTMAP_OFF ok=1
Cmd: compileSnippet
  api=1 type=1 insize=4976 outsize=738 kw=DIRECTIONAL SHADOWS_OFF LIGHTMAP_OFF DIRLIGHTMAP_OFF ok=1
Cmd: compileSnippet
  api=1 type=0 insize=2535 outsize=405 kw=POINT ok=1
Cmd: compileSnippet
  api=1 type=1 insize=2535 outsize=824 kw=POINT ok=1
Cmd: compileSnippet
  api=1 type=0 insize=2047 outsize=235 kw= ok=1
Cmd: compileSnippet
  api=1 type=1 insize=2047 outsize=184 kw= ok=1
Cmd: compileSnippet
  api=1 type=0 insize=4380 outsize=639 kw=LIGHTMAP_OFF DIRLIGHTMAP_OFF HDR_LIGHT_PREPASS_OFF ok=1
Cmd: compileSnippet
  api=1 type=1 insize=4380 outsize=317 kw=LIGHTMAP_OFF DIRLIGHTMAP_OFF HDR_LIGHT_PREPASS_OFF ok=1
Cmd: compileSnippet
  api=1 type=0 insize=2976 outsize=253 kw=DIRECTIONAL ok=1
Cmd: compileSnippet
  api=1 type=1 insize=2976 outsize=337 kw=DIRECTIONAL ok=1
Cmd: compileSnippet
  api=1 type=0 insize=2535 outsize=326 kw=DIRECTIONAL ok=1
Cmd: compileSnippet
  api=1 type=1 insize=2535 outsize=705 kw=DIRECTIONAL ok=1
Cmd: compileSnippet
  api=1 type=0 insize=5273 outsize=964 kw=DIRECTIONAL SHADOWS_SCREEN LIGHTMAP_OFF DIRLIGHTMAP_OFF ok=1
Cmd: compileSnippet
  api=1 type=1 insize=5273 outsize=466 kw=DIRECTIONAL SHADOWS_SCREEN LIGHTMAP_OFF DIRLIGHTMAP_OFF ok=1
Cmd: compileSnippet
  api=1 type=0 insize=4976 outsize=792 kw=DIRECTIONAL SHADOWS_SCREEN LIGHTMAP_OFF DIRLIGHTMAP_OFF ok=1
Cmd: compileSnippet
  api=1 type=1 insize=4976 outsize=812 kw=DIRECTIONAL SHADOWS_SCREEN LIGHTMAP_OFF DIRLIGHTMAP_OFF ok=1
Cmd: compileSnippet
  api=1 type=0 insize=4871 outsize=719 kw=DIRECTIONAL SHADOWS_SCREEN LIGHTMAP_OFF DIRLIGHTMAP_OFF ok=1
Cmd: compileSnippet
  api=1 type=1 insize=4871 outsize=404 kw=DIRECTIONAL SHADOWS_SCREEN LIGHTMAP_OFF DIRLIGHTMAP_OFF ok=1
Cmd: compileSnippet
  api=1 type=0 insize=4976 outsize=792 kw=DIRECTIONAL SHADOWS_SCREEN LIGHTMAP_OFF DIRLIGHTMAP_OFF ok=1
Cmd: compileSnippet
  api=1 type=1 insize=4976 outsize=812 kw=DIRECTIONAL SHADOWS_SCREEN LIGHTMAP_OFF DIRLIGHTMAP_OFF ok=1
Cmd: compileSnippet
  api=1 type=0 insize=2966 outsize=464 kw=DIRECTIONAL ok=1
Cmd: compileSnippet
  api=1 type=1 insize=2966 outsize=595 kw=DIRECTIONAL ok=1
Cmd: preprocess
  insize=1764 outsize=2093 ok=1
Cmd: compileSnippet
  api=1 type=0 insize=5002 outsize=595 kw=DIRECTIONAL SHADOWS_OFF LIGHTMAP_OFF DIRLIGHTMAP_OFF ok=1
Cmd: compileSnippet
  api=1 type=1 insize=5002 outsize=345 kw=DIRECTIONAL SHADOWS_OFF LIGHTMAP_OFF DIRLIGHTMAP_OFF ok=1
Cmd: compileSnippet
  api=1 type=0 insize=2978 outsize=383 kw=POINT ok=1
Cmd: compileSnippet
  api=1 type=1 insize=2978 outsize=538 kw=POINT ok=1
Cmd: compileSnippet
  api=1 type=0 insize=4976 outsize=668 kw=DIRECTIONAL SHADOWS_OFF LIGHTMAP_OFF DIRLIGHTMAP_OFF ok=1
Cmd: compileSnippet
  api=1 type=1 insize=4976 outsize=738 kw=DIRECTIONAL SHADOWS_OFF LIGHTMAP_OFF DIRLIGHTMAP_OFF ok=1
Cmd: compileSnippet
  api=1 type=0 insize=2535 outsize=405 kw=POINT ok=1
Cmd: compileSnippet
  api=1 type=1 insize=2535 outsize=824 kw=POINT ok=1
Cmd: compileSnippet
  api=1 type=0 insize=2047 outsize=235 kw= ok=1
Cmd: compileSnippet
  api=1 type=1 insize=2047 outsize=184 kw= ok=1
Cmd: compileSnippet
  api=1 type=0 insize=4380 outsize=639 kw=LIGHTMAP_OFF DIRLIGHTMAP_OFF HDR_LIGHT_PREPASS_OFF ok=1
Cmd: compileSnippet
  api=1 type=1 insize=4380 outsize=317 kw=LIGHTMAP_OFF DIRLIGHTMAP_OFF HDR_LIGHT_PREPASS_OFF ok=1
Cmd: compileSnippet
  api=1 type=0 insize=5002 outsize=719 kw=DIRECTIONAL SHADOWS_SCREEN LIGHTMAP_OFF DIRLIGHTMAP_OFF ok=1
Cmd: compileSnippet
  api=1 type=1 insize=5002 outsize=404 kw=DIRECTIONAL SHADOWS_SCREEN LIGHTMAP_OFF DIRLIGHTMAP_OFF ok=1
Cmd: compileSnippet
  api=1 type=0 insize=4976 outsize=792 kw=DIRECTIONAL SHADOWS_SCREEN LIGHTMAP_OFF DIRLIGHTMAP_OFF ok=1
Cmd: compileSnippet
  api=1 type=1 insize=4976 outsize=812 kw=DIRECTIONAL SHADOWS_SCREEN LIGHTMAP_OFF DIRLIGHTMAP_OFF ok=1
Cmd: preprocess
  insize=1852 outsize=2144 ok=1
Cmd: compileSnippet
  api=1 type=0 insize=5312 outsize=853 kw=DIRECTIONAL SHADOWS_OFF LIGHTMAP_OFF DIRLIGHTMAP_OFF ok=1
Cmd: compileSnippet
  api=1 type=1 insize=5312 outsize=413 kw=DIRECTIONAL SHADOWS_OFF LIGHTMAP_OFF DIRLIGHTMAP_OFF ok=1
Cmd: compileSnippet
  api=1 type=0 insize=3015 outsize=383 kw=POINT ok=1
Cmd: compileSnippet
  api=1 type=1 insize=3015 outsize=538 kw=POINT ok=1
Cmd: compileSnippet
  api=1 type=0 insize=4976 outsize=668 kw=DIRECTIONAL SHADOWS_OFF LIGHTMAP_OFF DIRLIGHTMAP_OFF ok=1
Cmd: compileSnippet
  api=1 type=1 insize=4976 outsize=738 kw=DIRECTIONAL SHADOWS_OFF LIGHTMAP_OFF DIRLIGHTMAP_OFF ok=1
Cmd: compileSnippet
  api=1 type=0 insize=2535 outsize=405 kw=POINT ok=1
Cmd: compileSnippet
  api=1 type=1 insize=2535 outsize=824 kw=POINT ok=1
Cmd: compileSnippet
  api=1 type=0 insize=2047 outsize=235 kw= ok=1
Cmd: compileSnippet
  api=1 type=1 insize=2047 outsize=184 kw= ok=1
Cmd: compileSnippet
  api=1 type=0 insize=4380 outsize=639 kw=LIGHTMAP_OFF DIRLIGHTMAP_OFF HDR_LIGHT_PREPASS_OFF ok=1
Cmd: compileSnippet
  api=1 type=1 insize=4380 outsize=317 kw=LIGHTMAP_OFF DIRLIGHTMAP_OFF HDR_LIGHT_PREPASS_OFF ok=1
Cmd: compileSnippet
  api=1 type=0 insize=5312 outsize=964 kw=DIRECTIONAL SHADOWS_SCREEN LIGHTMAP_OFF DIRLIGHTMAP_OFF ok=1
Cmd: compileSnippet
  api=1 type=1 insize=5312 outsize=472 kw=DIRECTIONAL SHADOWS_SCREEN LIGHTMAP_OFF DIRLIGHTMAP_OFF ok=1
Cmd: compileSnippet
  api=1 type=0 insize=4976 outsize=792 kw=DIRECTIONAL SHADOWS_SCREEN LIGHTMAP_OFF DIRLIGHTMAP_OFF ok=1
Cmd: compileSnippet
  api=1 type=1 insize=4976 outsize=812 kw=DIRECTIONAL SHADOWS_SCREEN LIGHTMAP_OFF DIRLIGHTMAP_OFF ok=1
Cmd: compileSnippet
  api=1 type=0 insize=3015 outsize=253 kw=DIRECTIONAL ok=1
Cmd: compileSnippet
  api=1 type=1 insize=3015 outsize=337 kw=DIRECTIONAL ok=1
Cmd: compileSnippet
  api=1 type=0 insize=2535 outsize=326 kw=DIRECTIONAL ok=1
Cmd: compileSnippet
  api=1 type=1 insize=2535 outsize=705 kw=DIRECTIONAL ok=1
Cmd: preprocess
  insize=1846 outsize=2144 ok=1
Cmd: compileSnippet
  api=1 type=0 insize=4970 outsize=668 kw=DIRECTIONAL SHADOWS_OFF LIGHTMAP_OFF DIRLIGHTMAP_OFF ok=1
Cmd: compileSnippet
  api=1 type=1 insize=4970 outsize=766 kw=DIRECTIONAL SHADOWS_OFF LIGHTMAP_OFF DIRLIGHTMAP_OFF ok=1
Cmd: compileSnippet
  api=1 type=0 insize=2529 outsize=405 kw=POINT ok=1
Cmd: compileSnippet
  api=1 type=1 insize=2529 outsize=852 kw=POINT ok=1
Cmd: compileSnippet
  api=1 type=0 insize=2041 outsize=235 kw= ok=1
Cmd: compileSnippet
  api=1 type=1 insize=2041 outsize=184 kw= ok=1
Cmd: compileSnippet
  api=1 type=0 insize=4374 outsize=639 kw=LIGHTMAP_OFF DIRLIGHTMAP_OFF HDR_LIGHT_PREPASS_OFF ok=1
Cmd: compileSnippet
  api=1 type=1 insize=4374 outsize=306 kw=LIGHTMAP_OFF DIRLIGHTMAP_OFF HDR_LIGHT_PREPASS_OFF ok=1
Cmd: compileSnippet
  api=1 type=0 insize=4970 outsize=792 kw=DIRECTIONAL SHADOWS_SCREEN LIGHTMAP_OFF DIRLIGHTMAP_OFF ok=1
Cmd: compileSnippet
  api=1 type=1 insize=4970 outsize=838 kw=DIRECTIONAL SHADOWS_SCREEN LIGHTMAP_OFF DIRLIGHTMAP_OFF ok=1
Cmd: preprocess
  insize=1852 outsize=2144 ok=1
Cmd: compileSnippet
  api=1 type=0 insize=2847 outsize=253 kw=DIRECTIONAL ok=1
Cmd: compileSnippet
  api=1 type=1 insize=2847 outsize=337 kw=DIRECTIONAL ok=1
Cmd: compileSnippet
  api=1 type=0 insize=2535 outsize=326 kw=DIRECTIONAL ok=1
Cmd: compileSnippet
  api=1 type=1 insize=2535 outsize=705 kw=DIRECTIONAL ok=1
